mode: set
github.com/pacoVK/handler/handler.go:23.42,25.2 1 1
github.com/pacoVK/handler/handler.go:27.59,30.16 3 1
github.com/pacoVK/handler/handler.go:30.16,32.3 1 0
github.com/pacoVK/handler/handler.go:33.2,34.14 2 1
github.com/pacoVK/handler/handler.go:37.64,40.16 3 1
github.com/pacoVK/handler/handler.go:40.16,42.3 1 0
github.com/pacoVK/handler/handler.go:43.2,44.13 2 1
github.com/pacoVK/handler/handler.go:47.55,49.16 2 1
github.com/pacoVK/handler/handler.go:49.16,54.3 1 0
github.com/pacoVK/handler/handler.go:55.2,57.19 3 1
github.com/pacoVK/handler/handler.go:60.72,61.22 1 1
github.com/pacoVK/handler/handler.go:61.22,67.3 1 1
github.com/pacoVK/handler/handler.go:67.8,73.3 1 1
github.com/pacoVK/handler/sqsHandler.go:14.36,17.2 2 0
github.com/pacoVK/handler/sqsHandler.go:19.27,21.29 1 1
github.com/pacoVK/handler/sqsHandler.go:21.29,23.4 1 1
github.com/pacoVK/handler/sqsHandler.go:24.65,25.40 1 1
github.com/pacoVK/handler/sqsHandler.go:25.40,31.5 2 1
github.com/pacoVK/handler/sqsHandler.go:31.10,33.27 2 1
github.com/pacoVK/handler/sqsHandler.go:34.24,40.8 3 1
github.com/pacoVK/handler/sqsHandler.go:41.24,46.8 2 1
github.com/pacoVK/handler/sqsHandler.go:47.24,53.8 3 1
github.com/pacoVK/handler/sqsHandler.go:54.31,60.8 3 1
github.com/pacoVK/handler/sqsHandler.go:61.23,67.8 3 1
github.com/pacoVK/handler/sqsHandler.go:68.24,73.8 2 1
github.com/pacoVK/handler/sqsHandler.go:74.26,80.8 3 1
github.com/pacoVK/handler/sqsHandler.go:81.22,87.8 3 1
github.com/pacoVK/handler/sqsHandler.go:88.13,93.8 2 1
